[2022 11月 23 10:48:36 DEBUG] main org.apache.hadoop.metrics2.lib.MutableMetricsFactory - field org.apache.hadoop.metrics2.lib.MutableRate org.apache.hadoop.security.UserGroupInformation$UgiMetrics.loginSuccess with annotation @org.apache.hadoop.metrics2.annotation.Metric(about="", sampleName="Ops", always=false, type=DEFAULT, value={"Rate of successful kerberos logins and latency (milliseconds)"}, valueName="Time")
[2022 11月 23 10:48:36 DEBUG] main org.apache.hadoop.metrics2.lib.MutableMetricsFactory - field org.apache.hadoop.metrics2.lib.MutableRate org.apache.hadoop.security.UserGroupInformation$UgiMetrics.loginFailure with annotation @org.apache.hadoop.metrics2.annotation.Metric(about="", sampleName="Ops", always=false, type=DEFAULT, value={"Rate of failed kerberos logins and latency (milliseconds)"}, valueName="Time")
[2022 11月 23 10:48:36 DEBUG] main org.apache.hadoop.metrics2.lib.MutableMetricsFactory - field org.apache.hadoop.metrics2.lib.MutableRate org.apache.hadoop.security.UserGroupInformation$UgiMetrics.getGroups with annotation @org.apache.hadoop.metrics2.annotation.Metric(about="", sampleName="Ops", always=false, type=DEFAULT, value={"GetGroups"}, valueName="Time")
[2022 11月 23 10:48:36 DEBUG] main org.apache.hadoop.metrics2.lib.MutableMetricsFactory - field private org.apache.hadoop.metrics2.lib.MutableGaugeLong org.apache.hadoop.security.UserGroupInformation$UgiMetrics.renewalFailuresTotal with annotation @org.apache.hadoop.metrics2.annotation.Metric(about="", sampleName="Ops", always=false, type=DEFAULT, value={"Renewal failures since startup"}, valueName="Time")
[2022 11月 23 10:48:36 DEBUG] main org.apache.hadoop.metrics2.lib.MutableMetricsFactory - field private org.apache.hadoop.metrics2.lib.MutableGaugeInt org.apache.hadoop.security.UserGroupInformation$UgiMetrics.renewalFailures with annotation @org.apache.hadoop.metrics2.annotation.Metric(about="", sampleName="Ops", always=false, type=DEFAULT, value={"Renewal failures since last successful login"}, valueName="Time")
[2022 11月 23 10:48:36 DEBUG] main org.apache.hadoop.metrics2.impl.MetricsSystemImpl - UgiMetrics, User and group related metrics
[2022 11月 23 10:48:36 DEBUG] main org.apache.hadoop.security.SecurityUtil - Setting hadoop.security.token.service.use_ip to true
[2022 11月 23 10:48:36 DEBUG] main org.apache.hadoop.security.Groups -  Creating new Groups object
[2022 11月 23 10:48:36 DEBUG] main org.apache.hadoop.util.NativeCodeLoader - Trying to load the custom-built native-hadoop library...
[2022 11月 23 10:48:36 DEBUG] main org.apache.hadoop.util.NativeCodeLoader - Loaded the native-hadoop library
[2022 11月 23 10:48:36 DEBUG] main org.apache.hadoop.security.JniBasedUnixGroupsMapping - Using JniBasedUnixGroupsMapping for Group resolution
[2022 11月 23 10:48:36 DEBUG] main org.apache.hadoop.security.JniBasedUnixGroupsMappingWithFallback - Group mapping impl=org.apache.hadoop.security.JniBasedUnixGroupsMapping
[2022 11月 23 10:48:36 DEBUG] main org.apache.hadoop.security.Groups - Group mapping impl=org.apache.hadoop.security.JniBasedUnixGroupsMappingWithFallback; cacheTimeout=300000; warningDeltaMs=5000
[2022 11月 23 10:48:36 DEBUG] main org.apache.hadoop.security.UserGroupInformation - hadoop login
[2022 11月 23 10:48:36 DEBUG] main org.apache.hadoop.security.UserGroupInformation - hadoop login commit
[2022 11月 23 10:48:36 DEBUG] main org.apache.hadoop.security.UserGroupInformation - using local user:NTUserPrincipal: 86183
[2022 11月 23 10:48:36 DEBUG] main org.apache.hadoop.security.UserGroupInformation - Using user: "NTUserPrincipal: 86183" with name 86183
[2022 11月 23 10:48:36 DEBUG] main org.apache.hadoop.security.UserGroupInformation - User entry: "86183"
[2022 11月 23 10:48:36 DEBUG] main org.apache.hadoop.security.UserGroupInformation - UGI loginUser:86183 (auth:SIMPLE)
[2022 11月 23 10:48:36 DEBUG] main org.apache.htrace.core.Tracer - sampler.classes = ; loaded no samplers
[2022 11月 23 10:48:36 DEBUG] main org.apache.htrace.core.Tracer - span.receiver.classes = ; loaded no span receivers
[2022 11月 23 10:48:36 DEBUG] main org.apache.hadoop.fs.FileSystem - Loading filesystems
[2022 11月 23 10:48:36 DEBUG] main org.apache.hadoop.fs.FileSystem - file:// = class org.apache.hadoop.fs.LocalFileSystem from /D:/maven/repo/org/apache/hadoop/hadoop-common/3.1.3/hadoop-common-3.1.3.jar
[2022 11月 23 10:48:36 DEBUG] main org.apache.hadoop.fs.FileSystem - viewfs:// = class org.apache.hadoop.fs.viewfs.ViewFileSystem from /D:/maven/repo/org/apache/hadoop/hadoop-common/3.1.3/hadoop-common-3.1.3.jar
[2022 11月 23 10:48:36 DEBUG] main org.apache.hadoop.fs.FileSystem - har:// = class org.apache.hadoop.fs.HarFileSystem from /D:/maven/repo/org/apache/hadoop/hadoop-common/3.1.3/hadoop-common-3.1.3.jar
[2022 11月 23 10:48:36 DEBUG] main org.apache.hadoop.fs.FileSystem - http:// = class org.apache.hadoop.fs.http.HttpFileSystem from /D:/maven/repo/org/apache/hadoop/hadoop-common/3.1.3/hadoop-common-3.1.3.jar
[2022 11月 23 10:48:36 DEBUG] main org.apache.hadoop.fs.FileSystem - https:// = class org.apache.hadoop.fs.http.HttpsFileSystem from /D:/maven/repo/org/apache/hadoop/hadoop-common/3.1.3/hadoop-common-3.1.3.jar
[2022 11月 23 10:48:36 DEBUG] main org.apache.hadoop.fs.FileSystem - hdfs:// = class org.apache.hadoop.hdfs.DistributedFileSystem from /D:/maven/repo/org/apache/hadoop/hadoop-hdfs-client/3.1.3/hadoop-hdfs-client-3.1.3.jar
[2022 11月 23 10:48:36 DEBUG] main org.apache.hadoop.fs.FileSystem - webhdfs:// = class org.apache.hadoop.hdfs.web.WebHdfsFileSystem from /D:/maven/repo/org/apache/hadoop/hadoop-hdfs-client/3.1.3/hadoop-hdfs-client-3.1.3.jar
[2022 11月 23 10:48:36 DEBUG] main org.apache.hadoop.fs.FileSystem - swebhdfs:// = class org.apache.hadoop.hdfs.web.SWebHdfsFileSystem from /D:/maven/repo/org/apache/hadoop/hadoop-hdfs-client/3.1.3/hadoop-hdfs-client-3.1.3.jar
[2022 11月 23 10:48:36 DEBUG] main org.apache.hadoop.fs.FileSystem - Looking for FS supporting hdfs
[2022 11月 23 10:48:36 DEBUG] main org.apache.hadoop.fs.FileSystem - looking for configuration option fs.hdfs.impl
[2022 11月 23 10:48:36 DEBUG] main org.apache.hadoop.fs.FileSystem - Filesystem hdfs defined in configuration option
[2022 11月 23 10:48:36 DEBUG] main org.apache.hadoop.fs.FileSystem - FS for hdfs is class org.apache.hadoop.hdfs.DistributedFileSystem
[2022 11月 23 10:48:36 DEBUG] main org.apache.hadoop.hdfs.client.impl.DfsClientConf - dfs.client.use.legacy.blockreader.local = false
[2022 11月 23 10:48:36 DEBUG] main org.apache.hadoop.hdfs.client.impl.DfsClientConf - dfs.client.read.shortcircuit = false
[2022 11月 23 10:48:36 DEBUG] main org.apache.hadoop.hdfs.client.impl.DfsClientConf - dfs.client.domain.socket.data.traffic = false
[2022 11月 23 10:48:36 DEBUG] main org.apache.hadoop.hdfs.client.impl.DfsClientConf - dfs.domain.socket.path = 
[2022 11月 23 10:48:36 DEBUG] main org.apache.hadoop.hdfs.DFSClient - Sets dfs.client.block.write.replace-datanode-on-failure.min-replication to 0
[2022 11月 23 10:48:36 ERROR] main com.wuyi.hadoop.HadoopClient - port out of range:80201
[2022 11月 23 10:49:11 DEBUG] main org.apache.hadoop.metrics2.lib.MutableMetricsFactory - field org.apache.hadoop.metrics2.lib.MutableRate org.apache.hadoop.security.UserGroupInformation$UgiMetrics.loginSuccess with annotation @org.apache.hadoop.metrics2.annotation.Metric(about="", sampleName="Ops", always=false, type=DEFAULT, valueName="Time", value={"Rate of successful kerberos logins and latency (milliseconds)"})
[2022 11月 23 10:49:11 DEBUG] main org.apache.hadoop.metrics2.lib.MutableMetricsFactory - field org.apache.hadoop.metrics2.lib.MutableRate org.apache.hadoop.security.UserGroupInformation$UgiMetrics.loginFailure with annotation @org.apache.hadoop.metrics2.annotation.Metric(about="", sampleName="Ops", always=false, type=DEFAULT, valueName="Time", value={"Rate of failed kerberos logins and latency (milliseconds)"})
[2022 11月 23 10:49:11 DEBUG] main org.apache.hadoop.metrics2.lib.MutableMetricsFactory - field org.apache.hadoop.metrics2.lib.MutableRate org.apache.hadoop.security.UserGroupInformation$UgiMetrics.getGroups with annotation @org.apache.hadoop.metrics2.annotation.Metric(about="", sampleName="Ops", always=false, type=DEFAULT, valueName="Time", value={"GetGroups"})
[2022 11月 23 10:49:11 DEBUG] main org.apache.hadoop.metrics2.lib.MutableMetricsFactory - field private org.apache.hadoop.metrics2.lib.MutableGaugeLong org.apache.hadoop.security.UserGroupInformation$UgiMetrics.renewalFailuresTotal with annotation @org.apache.hadoop.metrics2.annotation.Metric(about="", sampleName="Ops", always=false, type=DEFAULT, valueName="Time", value={"Renewal failures since startup"})
[2022 11月 23 10:49:11 DEBUG] main org.apache.hadoop.metrics2.lib.MutableMetricsFactory - field private org.apache.hadoop.metrics2.lib.MutableGaugeInt org.apache.hadoop.security.UserGroupInformation$UgiMetrics.renewalFailures with annotation @org.apache.hadoop.metrics2.annotation.Metric(about="", sampleName="Ops", always=false, type=DEFAULT, valueName="Time", value={"Renewal failures since last successful login"})
[2022 11月 23 10:49:11 DEBUG] main org.apache.hadoop.metrics2.impl.MetricsSystemImpl - UgiMetrics, User and group related metrics
[2022 11月 23 10:49:11 DEBUG] main org.apache.hadoop.security.SecurityUtil - Setting hadoop.security.token.service.use_ip to true
[2022 11月 23 10:49:11 DEBUG] main org.apache.hadoop.security.Groups -  Creating new Groups object
[2022 11月 23 10:49:11 DEBUG] main org.apache.hadoop.util.NativeCodeLoader - Trying to load the custom-built native-hadoop library...
[2022 11月 23 10:49:11 DEBUG] main org.apache.hadoop.util.NativeCodeLoader - Loaded the native-hadoop library
[2022 11月 23 10:49:11 DEBUG] main org.apache.hadoop.security.JniBasedUnixGroupsMapping - Using JniBasedUnixGroupsMapping for Group resolution
[2022 11月 23 10:49:11 DEBUG] main org.apache.hadoop.security.JniBasedUnixGroupsMappingWithFallback - Group mapping impl=org.apache.hadoop.security.JniBasedUnixGroupsMapping
[2022 11月 23 10:49:11 DEBUG] main org.apache.hadoop.security.Groups - Group mapping impl=org.apache.hadoop.security.JniBasedUnixGroupsMappingWithFallback; cacheTimeout=300000; warningDeltaMs=5000
[2022 11月 23 10:49:12 DEBUG] main org.apache.hadoop.security.UserGroupInformation - hadoop login
[2022 11月 23 10:49:12 DEBUG] main org.apache.hadoop.security.UserGroupInformation - hadoop login commit
[2022 11月 23 10:49:12 DEBUG] main org.apache.hadoop.security.UserGroupInformation - using local user:NTUserPrincipal: 86183
[2022 11月 23 10:49:12 DEBUG] main org.apache.hadoop.security.UserGroupInformation - Using user: "NTUserPrincipal: 86183" with name 86183
[2022 11月 23 10:49:12 DEBUG] main org.apache.hadoop.security.UserGroupInformation - User entry: "86183"
[2022 11月 23 10:49:12 DEBUG] main org.apache.hadoop.security.UserGroupInformation - UGI loginUser:86183 (auth:SIMPLE)
[2022 11月 23 10:49:12 DEBUG] main org.apache.htrace.core.Tracer - sampler.classes = ; loaded no samplers
[2022 11月 23 10:49:12 DEBUG] main org.apache.htrace.core.Tracer - span.receiver.classes = ; loaded no span receivers
[2022 11月 23 10:49:12 DEBUG] main org.apache.hadoop.fs.FileSystem - Loading filesystems
[2022 11月 23 10:49:12 DEBUG] main org.apache.hadoop.fs.FileSystem - file:// = class org.apache.hadoop.fs.LocalFileSystem from /D:/maven/repo/org/apache/hadoop/hadoop-common/3.1.3/hadoop-common-3.1.3.jar
[2022 11月 23 10:49:12 DEBUG] main org.apache.hadoop.fs.FileSystem - viewfs:// = class org.apache.hadoop.fs.viewfs.ViewFileSystem from /D:/maven/repo/org/apache/hadoop/hadoop-common/3.1.3/hadoop-common-3.1.3.jar
[2022 11月 23 10:49:12 DEBUG] main org.apache.hadoop.fs.FileSystem - har:// = class org.apache.hadoop.fs.HarFileSystem from /D:/maven/repo/org/apache/hadoop/hadoop-common/3.1.3/hadoop-common-3.1.3.jar
[2022 11月 23 10:49:12 DEBUG] main org.apache.hadoop.fs.FileSystem - http:// = class org.apache.hadoop.fs.http.HttpFileSystem from /D:/maven/repo/org/apache/hadoop/hadoop-common/3.1.3/hadoop-common-3.1.3.jar
[2022 11月 23 10:49:12 DEBUG] main org.apache.hadoop.fs.FileSystem - https:// = class org.apache.hadoop.fs.http.HttpsFileSystem from /D:/maven/repo/org/apache/hadoop/hadoop-common/3.1.3/hadoop-common-3.1.3.jar
[2022 11月 23 10:49:12 DEBUG] main org.apache.hadoop.fs.FileSystem - hdfs:// = class org.apache.hadoop.hdfs.DistributedFileSystem from /D:/maven/repo/org/apache/hadoop/hadoop-hdfs-client/3.1.3/hadoop-hdfs-client-3.1.3.jar
[2022 11月 23 10:49:12 DEBUG] main org.apache.hadoop.fs.FileSystem - webhdfs:// = class org.apache.hadoop.hdfs.web.WebHdfsFileSystem from /D:/maven/repo/org/apache/hadoop/hadoop-hdfs-client/3.1.3/hadoop-hdfs-client-3.1.3.jar
[2022 11月 23 10:49:12 DEBUG] main org.apache.hadoop.fs.FileSystem - swebhdfs:// = class org.apache.hadoop.hdfs.web.SWebHdfsFileSystem from /D:/maven/repo/org/apache/hadoop/hadoop-hdfs-client/3.1.3/hadoop-hdfs-client-3.1.3.jar
[2022 11月 23 10:49:12 DEBUG] main org.apache.hadoop.fs.FileSystem - Looking for FS supporting hdfs
[2022 11月 23 10:49:12 DEBUG] main org.apache.hadoop.fs.FileSystem - looking for configuration option fs.hdfs.impl
[2022 11月 23 10:49:12 DEBUG] main org.apache.hadoop.fs.FileSystem - Filesystem hdfs defined in configuration option
[2022 11月 23 10:49:12 DEBUG] main org.apache.hadoop.fs.FileSystem - FS for hdfs is class org.apache.hadoop.hdfs.DistributedFileSystem
[2022 11月 23 10:49:12 DEBUG] main org.apache.hadoop.hdfs.client.impl.DfsClientConf - dfs.client.use.legacy.blockreader.local = false
[2022 11月 23 10:49:12 DEBUG] main org.apache.hadoop.hdfs.client.impl.DfsClientConf - dfs.client.read.shortcircuit = false
[2022 11月 23 10:49:12 DEBUG] main org.apache.hadoop.hdfs.client.impl.DfsClientConf - dfs.client.domain.socket.data.traffic = false
[2022 11月 23 10:49:12 DEBUG] main org.apache.hadoop.hdfs.client.impl.DfsClientConf - dfs.domain.socket.path = 
[2022 11月 23 10:49:12 DEBUG] main org.apache.hadoop.hdfs.DFSClient - Sets dfs.client.block.write.replace-datanode-on-failure.min-replication to 0
[2022 11月 23 10:49:12 ERROR] main com.wuyi.hadoop.HadoopClient - port out of range:80201
[2022 11月 23 10:51:30 DEBUG] main org.apache.hadoop.metrics2.lib.MutableMetricsFactory - field org.apache.hadoop.metrics2.lib.MutableRate org.apache.hadoop.security.UserGroupInformation$UgiMetrics.loginSuccess with annotation @org.apache.hadoop.metrics2.annotation.Metric(always=false, about="", sampleName="Ops", type=DEFAULT, value={"Rate of successful kerberos logins and latency (milliseconds)"}, valueName="Time")
[2022 11月 23 10:51:30 DEBUG] main org.apache.hadoop.metrics2.lib.MutableMetricsFactory - field org.apache.hadoop.metrics2.lib.MutableRate org.apache.hadoop.security.UserGroupInformation$UgiMetrics.loginFailure with annotation @org.apache.hadoop.metrics2.annotation.Metric(always=false, about="", sampleName="Ops", type=DEFAULT, value={"Rate of failed kerberos logins and latency (milliseconds)"}, valueName="Time")
[2022 11月 23 10:51:30 DEBUG] main org.apache.hadoop.metrics2.lib.MutableMetricsFactory - field org.apache.hadoop.metrics2.lib.MutableRate org.apache.hadoop.security.UserGroupInformation$UgiMetrics.getGroups with annotation @org.apache.hadoop.metrics2.annotation.Metric(always=false, about="", sampleName="Ops", type=DEFAULT, value={"GetGroups"}, valueName="Time")
[2022 11月 23 10:51:30 DEBUG] main org.apache.hadoop.metrics2.lib.MutableMetricsFactory - field private org.apache.hadoop.metrics2.lib.MutableGaugeLong org.apache.hadoop.security.UserGroupInformation$UgiMetrics.renewalFailuresTotal with annotation @org.apache.hadoop.metrics2.annotation.Metric(always=false, about="", sampleName="Ops", type=DEFAULT, value={"Renewal failures since startup"}, valueName="Time")
[2022 11月 23 10:51:30 DEBUG] main org.apache.hadoop.metrics2.lib.MutableMetricsFactory - field private org.apache.hadoop.metrics2.lib.MutableGaugeInt org.apache.hadoop.security.UserGroupInformation$UgiMetrics.renewalFailures with annotation @org.apache.hadoop.metrics2.annotation.Metric(always=false, about="", sampleName="Ops", type=DEFAULT, value={"Renewal failures since last successful login"}, valueName="Time")
[2022 11月 23 10:51:30 DEBUG] main org.apache.hadoop.metrics2.impl.MetricsSystemImpl - UgiMetrics, User and group related metrics
[2022 11月 23 10:51:30 DEBUG] main org.apache.hadoop.security.SecurityUtil - Setting hadoop.security.token.service.use_ip to true
[2022 11月 23 10:51:30 DEBUG] main org.apache.hadoop.security.Groups -  Creating new Groups object
[2022 11月 23 10:51:30 DEBUG] main org.apache.hadoop.util.NativeCodeLoader - Trying to load the custom-built native-hadoop library...
[2022 11月 23 10:51:30 DEBUG] main org.apache.hadoop.util.NativeCodeLoader - Loaded the native-hadoop library
[2022 11月 23 10:51:30 DEBUG] main org.apache.hadoop.security.JniBasedUnixGroupsMapping - Using JniBasedUnixGroupsMapping for Group resolution
[2022 11月 23 10:51:30 DEBUG] main org.apache.hadoop.security.JniBasedUnixGroupsMappingWithFallback - Group mapping impl=org.apache.hadoop.security.JniBasedUnixGroupsMapping
[2022 11月 23 10:51:30 DEBUG] main org.apache.hadoop.security.Groups - Group mapping impl=org.apache.hadoop.security.JniBasedUnixGroupsMappingWithFallback; cacheTimeout=300000; warningDeltaMs=5000
[2022 11月 23 10:51:31 DEBUG] main org.apache.hadoop.security.UserGroupInformation - hadoop login
[2022 11月 23 10:51:31 DEBUG] main org.apache.hadoop.security.UserGroupInformation - hadoop login commit
[2022 11月 23 10:51:31 DEBUG] main org.apache.hadoop.security.UserGroupInformation - using local user:NTUserPrincipal: 86183
[2022 11月 23 10:51:31 DEBUG] main org.apache.hadoop.security.UserGroupInformation - Using user: "NTUserPrincipal: 86183" with name 86183
[2022 11月 23 10:51:31 DEBUG] main org.apache.hadoop.security.UserGroupInformation - User entry: "86183"
[2022 11月 23 10:51:31 DEBUG] main org.apache.hadoop.security.UserGroupInformation - UGI loginUser:86183 (auth:SIMPLE)
[2022 11月 23 10:51:31 DEBUG] main org.apache.htrace.core.Tracer - sampler.classes = ; loaded no samplers
[2022 11月 23 10:51:31 DEBUG] main org.apache.htrace.core.Tracer - span.receiver.classes = ; loaded no span receivers
[2022 11月 23 10:51:31 DEBUG] main org.apache.hadoop.fs.FileSystem - Loading filesystems
[2022 11月 23 10:51:31 DEBUG] main org.apache.hadoop.fs.FileSystem - file:// = class org.apache.hadoop.fs.LocalFileSystem from /D:/maven/repo/org/apache/hadoop/hadoop-common/3.1.3/hadoop-common-3.1.3.jar
[2022 11月 23 10:51:31 DEBUG] main org.apache.hadoop.fs.FileSystem - viewfs:// = class org.apache.hadoop.fs.viewfs.ViewFileSystem from /D:/maven/repo/org/apache/hadoop/hadoop-common/3.1.3/hadoop-common-3.1.3.jar
[2022 11月 23 10:51:31 DEBUG] main org.apache.hadoop.fs.FileSystem - har:// = class org.apache.hadoop.fs.HarFileSystem from /D:/maven/repo/org/apache/hadoop/hadoop-common/3.1.3/hadoop-common-3.1.3.jar
[2022 11月 23 10:51:31 DEBUG] main org.apache.hadoop.fs.FileSystem - http:// = class org.apache.hadoop.fs.http.HttpFileSystem from /D:/maven/repo/org/apache/hadoop/hadoop-common/3.1.3/hadoop-common-3.1.3.jar
[2022 11月 23 10:51:31 DEBUG] main org.apache.hadoop.fs.FileSystem - https:// = class org.apache.hadoop.fs.http.HttpsFileSystem from /D:/maven/repo/org/apache/hadoop/hadoop-common/3.1.3/hadoop-common-3.1.3.jar
[2022 11月 23 10:51:31 DEBUG] main org.apache.hadoop.fs.FileSystem - hdfs:// = class org.apache.hadoop.hdfs.DistributedFileSystem from /D:/maven/repo/org/apache/hadoop/hadoop-hdfs-client/3.1.3/hadoop-hdfs-client-3.1.3.jar
[2022 11月 23 10:51:31 DEBUG] main org.apache.hadoop.fs.FileSystem - webhdfs:// = class org.apache.hadoop.hdfs.web.WebHdfsFileSystem from /D:/maven/repo/org/apache/hadoop/hadoop-hdfs-client/3.1.3/hadoop-hdfs-client-3.1.3.jar
[2022 11月 23 10:51:31 DEBUG] main org.apache.hadoop.fs.FileSystem - swebhdfs:// = class org.apache.hadoop.hdfs.web.SWebHdfsFileSystem from /D:/maven/repo/org/apache/hadoop/hadoop-hdfs-client/3.1.3/hadoop-hdfs-client-3.1.3.jar
[2022 11月 23 10:51:31 DEBUG] main org.apache.hadoop.fs.FileSystem - Looking for FS supporting hdfs
[2022 11月 23 10:51:31 DEBUG] main org.apache.hadoop.fs.FileSystem - looking for configuration option fs.hdfs.impl
[2022 11月 23 10:51:31 DEBUG] main org.apache.hadoop.fs.FileSystem - Filesystem hdfs defined in configuration option
[2022 11月 23 10:51:31 DEBUG] main org.apache.hadoop.fs.FileSystem - FS for hdfs is class org.apache.hadoop.hdfs.DistributedFileSystem
[2022 11月 23 10:51:31 DEBUG] main org.apache.hadoop.hdfs.client.impl.DfsClientConf - dfs.client.use.legacy.blockreader.local = false
[2022 11月 23 10:51:31 DEBUG] main org.apache.hadoop.hdfs.client.impl.DfsClientConf - dfs.client.read.shortcircuit = false
[2022 11月 23 10:51:31 DEBUG] main org.apache.hadoop.hdfs.client.impl.DfsClientConf - dfs.client.domain.socket.data.traffic = false
[2022 11月 23 10:51:31 DEBUG] main org.apache.hadoop.hdfs.client.impl.DfsClientConf - dfs.domain.socket.path = 
[2022 11月 23 10:51:31 DEBUG] main org.apache.hadoop.hdfs.DFSClient - Sets dfs.client.block.write.replace-datanode-on-failure.min-replication to 0
[2022 11月 23 11:18:51 DEBUG] main org.apache.hadoop.metrics2.lib.MutableMetricsFactory - field org.apache.hadoop.metrics2.lib.MutableRate org.apache.hadoop.security.UserGroupInformation$UgiMetrics.loginSuccess with annotation @org.apache.hadoop.metrics2.annotation.Metric(always=false, sampleName="Ops", about="", type=DEFAULT, valueName="Time", value={"Rate of successful kerberos logins and latency (milliseconds)"})
[2022 11月 23 11:18:51 DEBUG] main org.apache.hadoop.metrics2.lib.MutableMetricsFactory - field org.apache.hadoop.metrics2.lib.MutableRate org.apache.hadoop.security.UserGroupInformation$UgiMetrics.loginFailure with annotation @org.apache.hadoop.metrics2.annotation.Metric(always=false, sampleName="Ops", about="", type=DEFAULT, valueName="Time", value={"Rate of failed kerberos logins and latency (milliseconds)"})
[2022 11月 23 11:18:51 DEBUG] main org.apache.hadoop.metrics2.lib.MutableMetricsFactory - field org.apache.hadoop.metrics2.lib.MutableRate org.apache.hadoop.security.UserGroupInformation$UgiMetrics.getGroups with annotation @org.apache.hadoop.metrics2.annotation.Metric(always=false, sampleName="Ops", about="", type=DEFAULT, valueName="Time", value={"GetGroups"})
[2022 11月 23 11:18:51 DEBUG] main org.apache.hadoop.metrics2.lib.MutableMetricsFactory - field private org.apache.hadoop.metrics2.lib.MutableGaugeLong org.apache.hadoop.security.UserGroupInformation$UgiMetrics.renewalFailuresTotal with annotation @org.apache.hadoop.metrics2.annotation.Metric(always=false, sampleName="Ops", about="", type=DEFAULT, valueName="Time", value={"Renewal failures since startup"})
[2022 11月 23 11:18:51 DEBUG] main org.apache.hadoop.metrics2.lib.MutableMetricsFactory - field private org.apache.hadoop.metrics2.lib.MutableGaugeInt org.apache.hadoop.security.UserGroupInformation$UgiMetrics.renewalFailures with annotation @org.apache.hadoop.metrics2.annotation.Metric(always=false, sampleName="Ops", about="", type=DEFAULT, valueName="Time", value={"Renewal failures since last successful login"})
[2022 11月 23 11:18:51 DEBUG] main org.apache.hadoop.metrics2.impl.MetricsSystemImpl - UgiMetrics, User and group related metrics
[2022 11月 23 11:18:51 DEBUG] main org.apache.hadoop.security.SecurityUtil - Setting hadoop.security.token.service.use_ip to true
[2022 11月 23 11:18:51 DEBUG] main org.apache.hadoop.security.Groups -  Creating new Groups object
[2022 11月 23 11:18:51 DEBUG] main org.apache.hadoop.util.NativeCodeLoader - Trying to load the custom-built native-hadoop library...
[2022 11月 23 11:18:51 DEBUG] main org.apache.hadoop.util.NativeCodeLoader - Loaded the native-hadoop library
[2022 11月 23 11:18:51 DEBUG] main org.apache.hadoop.security.JniBasedUnixGroupsMapping - Using JniBasedUnixGroupsMapping for Group resolution
[2022 11月 23 11:18:51 DEBUG] main org.apache.hadoop.security.JniBasedUnixGroupsMappingWithFallback - Group mapping impl=org.apache.hadoop.security.JniBasedUnixGroupsMapping
[2022 11月 23 11:18:51 DEBUG] main org.apache.hadoop.security.Groups - Group mapping impl=org.apache.hadoop.security.JniBasedUnixGroupsMappingWithFallback; cacheTimeout=300000; warningDeltaMs=5000
[2022 11月 23 11:18:52 DEBUG] main org.apache.hadoop.security.UserGroupInformation - hadoop login
[2022 11月 23 11:18:52 DEBUG] main org.apache.hadoop.security.UserGroupInformation - hadoop login commit
[2022 11月 23 11:18:52 DEBUG] main org.apache.hadoop.security.UserGroupInformation - using local user:NTUserPrincipal: 86183
[2022 11月 23 11:18:52 DEBUG] main org.apache.hadoop.security.UserGroupInformation - Using user: "NTUserPrincipal: 86183" with name 86183
[2022 11月 23 11:18:52 DEBUG] main org.apache.hadoop.security.UserGroupInformation - User entry: "86183"
[2022 11月 23 11:18:52 DEBUG] main org.apache.hadoop.security.UserGroupInformation - UGI loginUser:86183 (auth:SIMPLE)
[2022 11月 23 11:18:52 DEBUG] main org.apache.htrace.core.Tracer - sampler.classes = ; loaded no samplers
[2022 11月 23 11:18:52 DEBUG] main org.apache.htrace.core.Tracer - span.receiver.classes = ; loaded no span receivers
[2022 11月 23 11:18:52 DEBUG] main org.apache.hadoop.fs.FileSystem - Loading filesystems
[2022 11月 23 11:18:52 DEBUG] main org.apache.hadoop.fs.FileSystem - file:// = class org.apache.hadoop.fs.LocalFileSystem from /D:/maven/repo/org/apache/hadoop/hadoop-common/3.1.3/hadoop-common-3.1.3.jar
[2022 11月 23 11:18:52 DEBUG] main org.apache.hadoop.fs.FileSystem - viewfs:// = class org.apache.hadoop.fs.viewfs.ViewFileSystem from /D:/maven/repo/org/apache/hadoop/hadoop-common/3.1.3/hadoop-common-3.1.3.jar
[2022 11月 23 11:18:52 DEBUG] main org.apache.hadoop.fs.FileSystem - har:// = class org.apache.hadoop.fs.HarFileSystem from /D:/maven/repo/org/apache/hadoop/hadoop-common/3.1.3/hadoop-common-3.1.3.jar
[2022 11月 23 11:18:52 DEBUG] main org.apache.hadoop.fs.FileSystem - http:// = class org.apache.hadoop.fs.http.HttpFileSystem from /D:/maven/repo/org/apache/hadoop/hadoop-common/3.1.3/hadoop-common-3.1.3.jar
[2022 11月 23 11:18:52 DEBUG] main org.apache.hadoop.fs.FileSystem - https:// = class org.apache.hadoop.fs.http.HttpsFileSystem from /D:/maven/repo/org/apache/hadoop/hadoop-common/3.1.3/hadoop-common-3.1.3.jar
[2022 11月 23 11:18:52 DEBUG] main org.apache.hadoop.fs.FileSystem - hdfs:// = class org.apache.hadoop.hdfs.DistributedFileSystem from /D:/maven/repo/org/apache/hadoop/hadoop-hdfs-client/3.1.3/hadoop-hdfs-client-3.1.3.jar
[2022 11月 23 11:18:52 DEBUG] main org.apache.hadoop.fs.FileSystem - webhdfs:// = class org.apache.hadoop.hdfs.web.WebHdfsFileSystem from /D:/maven/repo/org/apache/hadoop/hadoop-hdfs-client/3.1.3/hadoop-hdfs-client-3.1.3.jar
[2022 11月 23 11:18:52 DEBUG] main org.apache.hadoop.fs.FileSystem - swebhdfs:// = class org.apache.hadoop.hdfs.web.SWebHdfsFileSystem from /D:/maven/repo/org/apache/hadoop/hadoop-hdfs-client/3.1.3/hadoop-hdfs-client-3.1.3.jar
[2022 11月 23 11:18:52 DEBUG] main org.apache.hadoop.fs.FileSystem - Looking for FS supporting hdfs
[2022 11月 23 11:18:52 DEBUG] main org.apache.hadoop.fs.FileSystem - looking for configuration option fs.hdfs.impl
[2022 11月 23 11:18:52 DEBUG] main org.apache.hadoop.fs.FileSystem - Filesystem hdfs defined in configuration option
[2022 11月 23 11:18:52 DEBUG] main org.apache.hadoop.fs.FileSystem - FS for hdfs is class org.apache.hadoop.hdfs.DistributedFileSystem
[2022 11月 23 11:18:52 DEBUG] main org.apache.hadoop.hdfs.client.impl.DfsClientConf - dfs.client.use.legacy.blockreader.local = false
[2022 11月 23 11:18:52 DEBUG] main org.apache.hadoop.hdfs.client.impl.DfsClientConf - dfs.client.read.shortcircuit = false
[2022 11月 23 11:18:52 DEBUG] main org.apache.hadoop.hdfs.client.impl.DfsClientConf - dfs.client.domain.socket.data.traffic = false
[2022 11月 23 11:18:52 DEBUG] main org.apache.hadoop.hdfs.client.impl.DfsClientConf - dfs.domain.socket.path = 
[2022 11月 23 11:18:52 DEBUG] main org.apache.hadoop.hdfs.DFSClient - Sets dfs.client.block.write.replace-datanode-on-failure.min-replication to 0
[2022 11月 23 11:18:52 ERROR] main com.wuyi.hadoop.HadoopClient - port out of range:80201
java.lang.IllegalArgumentException: port out of range:80201
	at java.base/java.net.InetSocketAddress.checkPort(InetSocketAddress.java:143)
	at java.base/java.net.InetSocketAddress.<init>(InetSocketAddress.java:188)
	at org.apache.hadoop.net.NetUtils.createSocketAddrForHost(NetUtils.java:243)
	at org.apache.hadoop.net.NetUtils.createSocketAddr(NetUtils.java:217)
	at org.apache.hadoop.net.NetUtils.createSocketAddr(NetUtils.java:164)
	at org.apache.hadoop.hdfs.DFSUtilClient.getNNAddress(DFSUtilClient.java:765)
	at org.apache.hadoop.hdfs.DFSUtilClient.getNNAddress(DFSUtilClient.java:791)
	at org.apache.hadoop.hdfs.NameNodeProxiesClient.createProxyWithClientProtocol(NameNodeProxiesClient.java:139)
	at org.apache.hadoop.hdfs.DFSClient.<init>(DFSClient.java:355)
	at org.apache.hadoop.hdfs.DFSClient.<init>(DFSClient.java:289)
	at org.apache.hadoop.hdfs.DistributedFileSystem.initialize(DistributedFileSystem.java:172)
	at org.apache.hadoop.fs.FileSystem.createFileSystem(FileSystem.java:3303)
	at org.apache.hadoop.fs.FileSystem.access$200(FileSystem.java:124)
	at org.apache.hadoop.fs.FileSystem$Cache.getInternal(FileSystem.java:3352)
	at org.apache.hadoop.fs.FileSystem$Cache.get(FileSystem.java:3320)
	at org.apache.hadoop.fs.FileSystem.get(FileSystem.java:479)
	at org.apache.hadoop.fs.FileSystem.get(FileSystem.java:227)
	at com.wuyi.hadoop.HadoopClient.init(HadoopClient.java:36)
	at com.wuyi.hadoop.HadoopClient.main(HadoopClient.java:20)
[2022 11月 23 11:19:46 ERROR] main com.wuyi.hadoop.HadoopClient - port out of range:80201
java.lang.IllegalArgumentException: port out of range:80201
	at java.base/java.net.InetSocketAddress.checkPort(InetSocketAddress.java:143)
	at java.base/java.net.InetSocketAddress.<init>(InetSocketAddress.java:188)
	at org.apache.hadoop.net.NetUtils.createSocketAddrForHost(NetUtils.java:243)
	at org.apache.hadoop.net.NetUtils.createSocketAddr(NetUtils.java:217)
	at org.apache.hadoop.net.NetUtils.createSocketAddr(NetUtils.java:164)
	at org.apache.hadoop.hdfs.DFSUtilClient.getNNAddress(DFSUtilClient.java:765)
	at org.apache.hadoop.hdfs.DFSUtilClient.getNNAddress(DFSUtilClient.java:791)
	at org.apache.hadoop.hdfs.NameNodeProxiesClient.createProxyWithClientProtocol(NameNodeProxiesClient.java:139)
	at org.apache.hadoop.hdfs.DFSClient.<init>(DFSClient.java:355)
	at org.apache.hadoop.hdfs.DFSClient.<init>(DFSClient.java:289)
	at org.apache.hadoop.hdfs.DistributedFileSystem.initialize(DistributedFileSystem.java:172)
	at org.apache.hadoop.fs.FileSystem.createFileSystem(FileSystem.java:3303)
	at org.apache.hadoop.fs.FileSystem.access$200(FileSystem.java:124)
	at org.apache.hadoop.fs.FileSystem$Cache.getInternal(FileSystem.java:3352)
	at org.apache.hadoop.fs.FileSystem$Cache.get(FileSystem.java:3320)
	at org.apache.hadoop.fs.FileSystem.get(FileSystem.java:479)
	at org.apache.hadoop.fs.FileSystem.get(FileSystem.java:227)
	at com.wuyi.hadoop.HadoopClient.init(HadoopClient.java:36)
	at com.wuyi.hadoop.HadoopClient.main(HadoopClient.java:20)
