DEBUG main org.apache.hadoop.metrics2.lib.MutableMetricsFactory - field org.apache.hadoop.metrics2.lib.MutableRate org.apache.hadoop.security.UserGroupInformation$UgiMetrics.loginSuccess with annotation @org.apache.hadoop.metrics2.annotation.Metric(sampleName="Ops", about="", always=false, type=DEFAULT, value={"Rate of successful kerberos logins and latency (milliseconds)"}, valueName="Time")
DEBUG main org.apache.hadoop.metrics2.lib.MutableMetricsFactory - field org.apache.hadoop.metrics2.lib.MutableRate org.apache.hadoop.security.UserGroupInformation$UgiMetrics.loginFailure with annotation @org.apache.hadoop.metrics2.annotation.Metric(sampleName="Ops", about="", always=false, type=DEFAULT, value={"Rate of failed kerberos logins and latency (milliseconds)"}, valueName="Time")
DEBUG main org.apache.hadoop.metrics2.lib.MutableMetricsFactory - field org.apache.hadoop.metrics2.lib.MutableRate org.apache.hadoop.security.UserGroupInformation$UgiMetrics.getGroups with annotation @org.apache.hadoop.metrics2.annotation.Metric(sampleName="Ops", about="", always=false, type=DEFAULT, value={"GetGroups"}, valueName="Time")
DEBUG main org.apache.hadoop.metrics2.lib.MutableMetricsFactory - field private org.apache.hadoop.metrics2.lib.MutableGaugeLong org.apache.hadoop.security.UserGroupInformation$UgiMetrics.renewalFailuresTotal with annotation @org.apache.hadoop.metrics2.annotation.Metric(sampleName="Ops", about="", always=false, type=DEFAULT, value={"Renewal failures since startup"}, valueName="Time")
DEBUG main org.apache.hadoop.metrics2.lib.MutableMetricsFactory - field private org.apache.hadoop.metrics2.lib.MutableGaugeInt org.apache.hadoop.security.UserGroupInformation$UgiMetrics.renewalFailures with annotation @org.apache.hadoop.metrics2.annotation.Metric(sampleName="Ops", about="", always=false, type=DEFAULT, value={"Renewal failures since last successful login"}, valueName="Time")
DEBUG main org.apache.hadoop.metrics2.impl.MetricsSystemImpl - UgiMetrics, User and group related metrics
DEBUG main org.apache.hadoop.security.SecurityUtil - Setting hadoop.security.token.service.use_ip to true
DEBUG main org.apache.hadoop.security.Groups -  Creating new Groups object
DEBUG main org.apache.hadoop.util.NativeCodeLoader - Trying to load the custom-built native-hadoop library...
DEBUG main org.apache.hadoop.util.NativeCodeLoader - Loaded the native-hadoop library
DEBUG main org.apache.hadoop.security.JniBasedUnixGroupsMapping - Using JniBasedUnixGroupsMapping for Group resolution
DEBUG main org.apache.hadoop.security.JniBasedUnixGroupsMappingWithFallback - Group mapping impl=org.apache.hadoop.security.JniBasedUnixGroupsMapping
DEBUG main org.apache.hadoop.security.Groups - Group mapping impl=org.apache.hadoop.security.JniBasedUnixGroupsMappingWithFallback; cacheTimeout=300000; warningDeltaMs=5000
DEBUG main org.apache.hadoop.security.UserGroupInformation - hadoop login
DEBUG main org.apache.hadoop.security.UserGroupInformation - hadoop login commit
DEBUG main org.apache.hadoop.security.UserGroupInformation - using local user:NTUserPrincipal: 86183
DEBUG main org.apache.hadoop.security.UserGroupInformation - Using user: "NTUserPrincipal: 86183" with name 86183
DEBUG main org.apache.hadoop.security.UserGroupInformation - User entry: "86183"
DEBUG main org.apache.hadoop.security.UserGroupInformation - UGI loginUser:86183 (auth:SIMPLE)
DEBUG main org.apache.htrace.core.Tracer - sampler.classes = ; loaded no samplers
DEBUG main org.apache.htrace.core.Tracer - span.receiver.classes = ; loaded no span receivers
DEBUG main org.apache.hadoop.fs.FileSystem - Loading filesystems
DEBUG main org.apache.hadoop.fs.FileSystem - file:// = class org.apache.hadoop.fs.LocalFileSystem from /D:/maven/repo/org/apache/hadoop/hadoop-common/3.1.3/hadoop-common-3.1.3.jar
DEBUG main org.apache.hadoop.fs.FileSystem - viewfs:// = class org.apache.hadoop.fs.viewfs.ViewFileSystem from /D:/maven/repo/org/apache/hadoop/hadoop-common/3.1.3/hadoop-common-3.1.3.jar
DEBUG main org.apache.hadoop.fs.FileSystem - har:// = class org.apache.hadoop.fs.HarFileSystem from /D:/maven/repo/org/apache/hadoop/hadoop-common/3.1.3/hadoop-common-3.1.3.jar
DEBUG main org.apache.hadoop.fs.FileSystem - http:// = class org.apache.hadoop.fs.http.HttpFileSystem from /D:/maven/repo/org/apache/hadoop/hadoop-common/3.1.3/hadoop-common-3.1.3.jar
DEBUG main org.apache.hadoop.fs.FileSystem - https:// = class org.apache.hadoop.fs.http.HttpsFileSystem from /D:/maven/repo/org/apache/hadoop/hadoop-common/3.1.3/hadoop-common-3.1.3.jar
DEBUG main org.apache.hadoop.fs.FileSystem - hdfs:// = class org.apache.hadoop.hdfs.DistributedFileSystem from /D:/maven/repo/org/apache/hadoop/hadoop-hdfs-client/3.1.3/hadoop-hdfs-client-3.1.3.jar
DEBUG main org.apache.hadoop.fs.FileSystem - webhdfs:// = class org.apache.hadoop.hdfs.web.WebHdfsFileSystem from /D:/maven/repo/org/apache/hadoop/hadoop-hdfs-client/3.1.3/hadoop-hdfs-client-3.1.3.jar
DEBUG main org.apache.hadoop.fs.FileSystem - swebhdfs:// = class org.apache.hadoop.hdfs.web.SWebHdfsFileSystem from /D:/maven/repo/org/apache/hadoop/hadoop-hdfs-client/3.1.3/hadoop-hdfs-client-3.1.3.jar
DEBUG main org.apache.hadoop.fs.FileSystem - Looking for FS supporting hdfs
DEBUG main org.apache.hadoop.fs.FileSystem - looking for configuration option fs.hdfs.impl
DEBUG main org.apache.hadoop.fs.FileSystem - Filesystem hdfs defined in configuration option
DEBUG main org.apache.hadoop.fs.FileSystem - FS for hdfs is class org.apache.hadoop.hdfs.DistributedFileSystem
DEBUG main org.apache.hadoop.hdfs.client.impl.DfsClientConf - dfs.client.use.legacy.blockreader.local = false
DEBUG main org.apache.hadoop.hdfs.client.impl.DfsClientConf - dfs.client.read.shortcircuit = false
DEBUG main org.apache.hadoop.hdfs.client.impl.DfsClientConf - dfs.client.domain.socket.data.traffic = false
DEBUG main org.apache.hadoop.hdfs.client.impl.DfsClientConf - dfs.domain.socket.path = 
DEBUG main org.apache.hadoop.hdfs.DFSClient - Sets dfs.client.block.write.replace-datanode-on-failure.min-replication to 0
INFO main com.wuyi.hadoop.HadoopClient - port out of range:80201
DEBUG main org.apache.hadoop.metrics2.lib.MutableMetricsFactory - field org.apache.hadoop.metrics2.lib.MutableRate org.apache.hadoop.security.UserGroupInformation$UgiMetrics.loginSuccess with annotation @org.apache.hadoop.metrics2.annotation.Metric(about="", sampleName="Ops", always=false, type=DEFAULT, valueName="Time", value={"Rate of successful kerberos logins and latency (milliseconds)"})
DEBUG main org.apache.hadoop.metrics2.lib.MutableMetricsFactory - field org.apache.hadoop.metrics2.lib.MutableRate org.apache.hadoop.security.UserGroupInformation$UgiMetrics.loginFailure with annotation @org.apache.hadoop.metrics2.annotation.Metric(about="", sampleName="Ops", always=false, type=DEFAULT, valueName="Time", value={"Rate of failed kerberos logins and latency (milliseconds)"})
DEBUG main org.apache.hadoop.metrics2.lib.MutableMetricsFactory - field org.apache.hadoop.metrics2.lib.MutableRate org.apache.hadoop.security.UserGroupInformation$UgiMetrics.getGroups with annotation @org.apache.hadoop.metrics2.annotation.Metric(about="", sampleName="Ops", always=false, type=DEFAULT, valueName="Time", value={"GetGroups"})
DEBUG main org.apache.hadoop.metrics2.lib.MutableMetricsFactory - field private org.apache.hadoop.metrics2.lib.MutableGaugeLong org.apache.hadoop.security.UserGroupInformation$UgiMetrics.renewalFailuresTotal with annotation @org.apache.hadoop.metrics2.annotation.Metric(about="", sampleName="Ops", always=false, type=DEFAULT, valueName="Time", value={"Renewal failures since startup"})
DEBUG main org.apache.hadoop.metrics2.lib.MutableMetricsFactory - field private org.apache.hadoop.metrics2.lib.MutableGaugeInt org.apache.hadoop.security.UserGroupInformation$UgiMetrics.renewalFailures with annotation @org.apache.hadoop.metrics2.annotation.Metric(about="", sampleName="Ops", always=false, type=DEFAULT, valueName="Time", value={"Renewal failures since last successful login"})
DEBUG main org.apache.hadoop.metrics2.impl.MetricsSystemImpl - UgiMetrics, User and group related metrics
DEBUG main org.apache.hadoop.security.SecurityUtil - Setting hadoop.security.token.service.use_ip to true
DEBUG main org.apache.hadoop.security.Groups -  Creating new Groups object
DEBUG main org.apache.hadoop.util.NativeCodeLoader - Trying to load the custom-built native-hadoop library...
DEBUG main org.apache.hadoop.util.NativeCodeLoader - Loaded the native-hadoop library
DEBUG main org.apache.hadoop.security.JniBasedUnixGroupsMapping - Using JniBasedUnixGroupsMapping for Group resolution
DEBUG main org.apache.hadoop.security.JniBasedUnixGroupsMappingWithFallback - Group mapping impl=org.apache.hadoop.security.JniBasedUnixGroupsMapping
DEBUG main org.apache.hadoop.security.Groups - Group mapping impl=org.apache.hadoop.security.JniBasedUnixGroupsMappingWithFallback; cacheTimeout=300000; warningDeltaMs=5000
DEBUG main org.apache.hadoop.security.UserGroupInformation - hadoop login
DEBUG main org.apache.hadoop.security.UserGroupInformation - hadoop login commit
DEBUG main org.apache.hadoop.security.UserGroupInformation - using local user:NTUserPrincipal: 86183
DEBUG main org.apache.hadoop.security.UserGroupInformation - Using user: "NTUserPrincipal: 86183" with name 86183
DEBUG main org.apache.hadoop.security.UserGroupInformation - User entry: "86183"
DEBUG main org.apache.hadoop.security.UserGroupInformation - UGI loginUser:86183 (auth:SIMPLE)
DEBUG main org.apache.htrace.core.Tracer - sampler.classes = ; loaded no samplers
DEBUG main org.apache.htrace.core.Tracer - span.receiver.classes = ; loaded no span receivers
DEBUG main org.apache.hadoop.fs.FileSystem - Loading filesystems
DEBUG main org.apache.hadoop.fs.FileSystem - file:// = class org.apache.hadoop.fs.LocalFileSystem from /D:/maven/repo/org/apache/hadoop/hadoop-common/3.1.3/hadoop-common-3.1.3.jar
DEBUG main org.apache.hadoop.fs.FileSystem - viewfs:// = class org.apache.hadoop.fs.viewfs.ViewFileSystem from /D:/maven/repo/org/apache/hadoop/hadoop-common/3.1.3/hadoop-common-3.1.3.jar
DEBUG main org.apache.hadoop.fs.FileSystem - har:// = class org.apache.hadoop.fs.HarFileSystem from /D:/maven/repo/org/apache/hadoop/hadoop-common/3.1.3/hadoop-common-3.1.3.jar
DEBUG main org.apache.hadoop.fs.FileSystem - http:// = class org.apache.hadoop.fs.http.HttpFileSystem from /D:/maven/repo/org/apache/hadoop/hadoop-common/3.1.3/hadoop-common-3.1.3.jar
DEBUG main org.apache.hadoop.fs.FileSystem - https:// = class org.apache.hadoop.fs.http.HttpsFileSystem from /D:/maven/repo/org/apache/hadoop/hadoop-common/3.1.3/hadoop-common-3.1.3.jar
DEBUG main org.apache.hadoop.fs.FileSystem - hdfs:// = class org.apache.hadoop.hdfs.DistributedFileSystem from /D:/maven/repo/org/apache/hadoop/hadoop-hdfs-client/3.1.3/hadoop-hdfs-client-3.1.3.jar
DEBUG main org.apache.hadoop.fs.FileSystem - webhdfs:// = class org.apache.hadoop.hdfs.web.WebHdfsFileSystem from /D:/maven/repo/org/apache/hadoop/hadoop-hdfs-client/3.1.3/hadoop-hdfs-client-3.1.3.jar
DEBUG main org.apache.hadoop.fs.FileSystem - swebhdfs:// = class org.apache.hadoop.hdfs.web.SWebHdfsFileSystem from /D:/maven/repo/org/apache/hadoop/hadoop-hdfs-client/3.1.3/hadoop-hdfs-client-3.1.3.jar
DEBUG main org.apache.hadoop.fs.FileSystem - Looking for FS supporting hdfs
DEBUG main org.apache.hadoop.fs.FileSystem - looking for configuration option fs.hdfs.impl
DEBUG main org.apache.hadoop.fs.FileSystem - Filesystem hdfs defined in configuration option
DEBUG main org.apache.hadoop.fs.FileSystem - FS for hdfs is class org.apache.hadoop.hdfs.DistributedFileSystem
DEBUG main org.apache.hadoop.hdfs.client.impl.DfsClientConf - dfs.client.use.legacy.blockreader.local = false
DEBUG main org.apache.hadoop.hdfs.client.impl.DfsClientConf - dfs.client.read.shortcircuit = false
DEBUG main org.apache.hadoop.hdfs.client.impl.DfsClientConf - dfs.client.domain.socket.data.traffic = false
DEBUG main org.apache.hadoop.hdfs.client.impl.DfsClientConf - dfs.domain.socket.path = 
DEBUG main org.apache.hadoop.hdfs.DFSClient - Sets dfs.client.block.write.replace-datanode-on-failure.min-replication to 0
INFO main com.wuyi.hadoop.HadoopClient - port out of range:80201
